0 info it worked if it ends with ok
1 verbose cli [ 'c:\\Program Files (x86)\\nodejs\\node.exe',
1 verbose cli   'c:\\Program Files (x86)\\nodejs\\node_modules\\npm\\bin\\npm-cli.js',
1 verbose cli   'install',
1 verbose cli   '-g',
1 verbose cli   'node@0.12.6' ]
2 info using npm@1.4.28
3 info using node@v0.10.33
4 verbose cache add [ 'node@0.12.6', null ]
5 verbose cache add name=undefined spec="node@0.12.6" args=["node@0.12.6",null]
6 verbose parsed url { protocol: null,
6 verbose parsed url   slashes: null,
6 verbose parsed url   auth: null,
6 verbose parsed url   host: null,
6 verbose parsed url   port: null,
6 verbose parsed url   hostname: null,
6 verbose parsed url   hash: null,
6 verbose parsed url   search: null,
6 verbose parsed url   query: null,
6 verbose parsed url   pathname: 'node@0.12.6',
6 verbose parsed url   path: 'node@0.12.6',
6 verbose parsed url   href: 'node@0.12.6' }
7 verbose cache add name="node" spec="0.12.6" args=["node","0.12.6"]
8 verbose parsed url { protocol: null,
8 verbose parsed url   slashes: null,
8 verbose parsed url   auth: null,
8 verbose parsed url   host: null,
8 verbose parsed url   port: null,
8 verbose parsed url   hostname: null,
8 verbose parsed url   hash: null,
8 verbose parsed url   search: null,
8 verbose parsed url   query: null,
8 verbose parsed url   pathname: '0.12.6',
8 verbose parsed url   path: '0.12.6',
8 verbose parsed url   href: '0.12.6' }
9 verbose addNamed [ 'node', '0.12.6' ]
10 verbose addNamed [ '0.12.6', '0.12.6' ]
11 silly lockFile 40cfa8a7-node-0-12-6 node@0.12.6
12 verbose lock node@0.12.6 C:\Users\KH384\AppData\Roaming\npm-cache\40cfa8a7-node-0-12-6.lock
13 verbose request where is /node
14 verbose request registry https://registry.npmjs.org/
15 verbose request id 29cf84d83e1c2507
16 verbose url raw /node
17 verbose url resolving [ 'https://registry.npmjs.org/', './node' ]
18 verbose url resolved https://registry.npmjs.org/node
19 verbose request where is https://registry.npmjs.org/node
20 info trying registry request attempt 1 at 23:37:42
21 verbose etag "4A754Q2V2HQ65BJAR8DUU8BED"
22 http GET https://registry.npmjs.org/node
23 http 304 https://registry.npmjs.org/node
24 silly registry.get cb [ 304,
24 silly registry.get   { date: 'Mon, 06 Jul 2015 18:07:42 GMT',
24 silly registry.get     via: '1.1 varnish',
24 silly registry.get     'cache-control': 'max-age=60',
24 silly registry.get     etag: '"4A754Q2V2HQ65BJAR8DUU8BED"',
24 silly registry.get     age: '0',
24 silly registry.get     connection: 'keep-alive',
24 silly registry.get     'x-served-by': 'cache-sin6922-SIN',
24 silly registry.get     'x-cache': 'MISS',
24 silly registry.get     'x-cache-hits': '0',
24 silly registry.get     'x-timer': 'S1436206062.644684,VS0,VE208',
24 silly registry.get     vary: 'Accept' } ]
25 verbose etag https://registry.npmjs.org/node from cache
26 silly lockFile 40cfa8a7-node-0-12-6 node@0.12.6
27 silly lockFile 40cfa8a7-node-0-12-6 node@0.12.6
28 error Error: version not found: node@0.12.6
28 error     at c:\Program Files (x86)\nodejs\node_modules\npm\lib\cache\add-named.js:125:12
28 error     at saved (c:\Program Files (x86)\nodejs\node_modules\npm\node_modules\npm-registry-client\lib\get.js:167:7)
28 error     at Object.oncomplete (fs.js:107:15)
29 error If you need help, you may report this *entire* log,
29 error including the npm and node versions, at:
29 error     <http://github.com/npm/npm/issues>
30 error System Windows_NT 6.2.9200
31 error command "c:\\Program Files (x86)\\nodejs\\node.exe" "c:\\Program Files (x86)\\nodejs\\node_modules\\npm\\bin\\npm-cli.js" "install" "-g" "node@0.12.6"
32 error cwd d:\sms\i2\ClassroomNew
33 error node -v v0.10.33
34 error npm -v 1.4.28
35 verbose exit [ 1, true ]
